----------

Fri Apr 03 2020 18:58:18 GMT-0400 (Eastern Daylight Time)

To https://github.com/drsperry/drsperry.github.io.git
   10937a1..fd25a22  master -> master


----------

Tue May 19 2020 14:01:39 GMT-0400 (Eastern Daylight Time)

To https://github.com/drsperry/drsperry.github.io.git
   fd25a22..a4f0090  master -> master


----------

Tue Jun 23 2020 04:01:18 GMT-0400 (Eastern Daylight Time)

To https://github.com/drsperry/drsperry.github.io.git
   01980d4..7396dce  master -> master


----------

Tue Jun 23 2020 11:31:50 GMT-0400 (Eastern Daylight Time)

To https://github.com/drsperry/drsperry.github.io.git
   7396dce..1979ce2  master -> master


----------

Tue Jun 23 2020 11:34:57 GMT-0400 (Eastern Daylight Time)

To https://github.com/drsperry/drsperry.github.io.git
   1979ce2..dc1f9a1  master -> master


----------

Sun Jun 28 2020 14:51:12 GMT-0400 (Eastern Daylight Time)

To https://github.com/drsperry/drsperry.github.io.git
   dc1f9a1..12f8ccc  master -> master


